This is pdfTeX, Version 3.141592653-2.6-1.40.25 (TeX Live 2023) (preloaded format=pdflatex 2023.8.19)  10 SEP 2023 18:27
entering extended mode
 restricted \write18 enabled.
 file:line:error style messages enabled.
 %&-line parsing enabled.
**/home/jaanis/repos/attention-mixed-type-clustering/Thesis/dmmdbstmpl.tex
(/home/jaanis/repos/attention-mixed-type-clustering/Thesis/dmmdbstmpl.tex
LaTeX2e <2023-06-01> patch level 1
L3 programming layer <2023-08-11>
(/usr/local/texlive/2023/texmf-dist/tex/latex/base/report.cls
Document Class: report 2023/05/17 v1.4n Standard LaTeX document class
(/usr/local/texlive/2023/texmf-dist/tex/latex/base/size12.clo
File: size12.clo 2023/05/17 v1.4n Standard LaTeX file (size option)
)
\c@part=\count185
\c@chapter=\count186
\c@section=\count187
\c@subsection=\count188
\c@subsubsection=\count189
\c@paragraph=\count190
\c@subparagraph=\count191
\c@figure=\count192
\c@table=\count193
\abovecaptionskip=\skip48
\belowcaptionskip=\skip49
\bibindent=\dimen140
) (./dmmdbstmpl.sty
Package: dmmdbstmpl 2019/12/02 v2.1
 (/usr/local/texlive/2023/texmf-dist/tex/latex/base/inputenc.sty
Package: inputenc 2021/02/14 v1.3d Input encoding file
\inpenc@prehook=\toks17
\inpenc@posthook=\toks18
) (/usr/local/texlive/2023/texmf-dist/tex/generic/babel/babel.sty
Package: babel 2023/07/15 v3.92 The Babel package
\babel@savecnt=\count194
\U@D=\dimen141
\l@unhyphenated=\language87
 (/usr/local/texlive/2023/texmf-dist/tex/generic/babel/txtbabel.def)
\bbl@readstream=\read2
\bbl@dirlevel=\count195
 (/usr/local/texlive/2023/texmf-dist/tex/generic/babel-german/german.ldf
Language: german 2021/02/27 v2.13 German support for babel (pre-1996 orthography)
 (/usr/local/texlive/2023/texmf-dist/tex/generic/babel-german/germanb.ldf
Language: germanb 2021/02/27 v2.13 German support for babel (pre-1996 orthography)
Package babel Info: Making " an active character on input line 139.
)) (/usr/local/texlive/2023/texmf-dist/tex/generic/babel-english/english.ldf
Language: english 2017/06/06 v3.3r English support from the babel system
Package babel Info: Hyphen rules for 'canadian' set to \l@english
(babel)             (\language0). Reported on input line 102.
Package babel Info: Hyphen rules for 'australian' set to \l@ukenglish
(babel)             (\language21). Reported on input line 105.
Package babel Info: Hyphen rules for 'newzealand' set to \l@ukenglish
(babel)             (\language21). Reported on input line 108.
)) (/usr/local/texlive/2023/texmf-dist/tex/generic/babel/locale/en/babel-english.tex
Package babel Info: Importing font and identification data for english
(babel)             from babel-en.ini. Reported on input line 11.
) (/usr/local/texlive/2023/texmf-dist/tex/generic/babel/locale/de/babel-german.tex
Package babel Info: Importing font and identification data for german
(babel)             from babel-de.ini. Reported on input line 25.
) (/usr/local/texlive/2023/texmf-dist/tex/latex/amsmath/amsmath.sty
Package: amsmath 2023/05/13 v2.17o AMS math features
\@mathmargin=\skip50

For additional information on amsmath, use the `?' option.
(/usr/local/texlive/2023/texmf-dist/tex/latex/amsmath/amstext.sty
Package: amstext 2021/08/26 v2.01 AMS text
 (/usr/local/texlive/2023/texmf-dist/tex/latex/amsmath/amsgen.sty
File: amsgen.sty 1999/11/30 v2.0 generic functions
\@emptytoks=\toks19
\ex@=\dimen142
)) (/usr/local/texlive/2023/texmf-dist/tex/latex/amsmath/amsbsy.sty
Package: amsbsy 1999/11/29 v1.2d Bold Symbols
\pmbraise@=\dimen143
) (/usr/local/texlive/2023/texmf-dist/tex/latex/amsmath/amsopn.sty
Package: amsopn 2022/04/08 v2.04 operator names
)
\inf@bad=\count196
LaTeX Info: Redefining \frac on input line 234.
\uproot@=\count197
\leftroot@=\count198
LaTeX Info: Redefining \overline on input line 399.
LaTeX Info: Redefining \colon on input line 410.
\classnum@=\count199
\DOTSCASE@=\count266
LaTeX Info: Redefining \ldots on input line 496.
LaTeX Info: Redefining \dots on input line 499.
LaTeX Info: Redefining \cdots on input line 620.
\Mathstrutbox@=\box51
\strutbox@=\box52
LaTeX Info: Redefining \big on input line 722.
LaTeX Info: Redefining \Big on input line 723.
LaTeX Info: Redefining \bigg on input line 724.
LaTeX Info: Redefining \Bigg on input line 725.
\big@size=\dimen144
LaTeX Font Info:    Redeclaring font encoding OML on input line 743.
LaTeX Font Info:    Redeclaring font encoding OMS on input line 744.
\macc@depth=\count267
LaTeX Info: Redefining \bmod on input line 905.
LaTeX Info: Redefining \pmod on input line 910.
LaTeX Info: Redefining \smash on input line 940.
LaTeX Info: Redefining \relbar on input line 970.
LaTeX Info: Redefining \Relbar on input line 971.
\c@MaxMatrixCols=\count268
\dotsspace@=\muskip16
\c@parentequation=\count269
\dspbrk@lvl=\count270
\tag@help=\toks20
\row@=\count271
\column@=\count272
\maxfields@=\count273
\andhelp@=\toks21
\eqnshift@=\dimen145
\alignsep@=\dimen146
\tagshift@=\dimen147
\tagwidth@=\dimen148
\totwidth@=\dimen149
\lineht@=\dimen150
\@envbody=\toks22
\multlinegap=\skip51
\multlinetaggap=\skip52
\mathdisplay@stack=\toks23
LaTeX Info: Redefining \[ on input line 2953.
LaTeX Info: Redefining \] on input line 2954.
) (/usr/local/texlive/2023/texmf-dist/tex/latex/amsfonts/amssymb.sty
Package: amssymb 2013/01/14 v3.01 AMS font symbols
 (/usr/local/texlive/2023/texmf-dist/tex/latex/amsfonts/amsfonts.sty
Package: amsfonts 2013/01/14 v3.01 Basic AMSFonts support
\symAMSa=\mathgroup4
\symAMSb=\mathgroup5
LaTeX Font Info:    Redeclaring math symbol \hbar on input line 98.
LaTeX Font Info:    Overwriting math alphabet `\mathfrak' in version `bold'
(Font)                  U/euf/m/n --> U/euf/b/n on input line 106.
)) (/usr/local/texlive/2023/texmf-dist/tex/latex/geometry/geometry.sty
Package: geometry 2020/01/02 v5.9 Page Geometry
 (/usr/local/texlive/2023/texmf-dist/tex/latex/graphics/keyval.sty
Package: keyval 2022/05/29 v1.15 key=value parser (DPC)
\KV@toks@=\toks24
) (/usr/local/texlive/2023/texmf-dist/tex/generic/iftex/ifvtex.sty
Package: ifvtex 2019/10/25 v1.7 ifvtex legacy package. Use iftex instead.
 (/usr/local/texlive/2023/texmf-dist/tex/generic/iftex/iftex.sty
Package: iftex 2022/02/03 v1.0f TeX engine tests
))
\Gm@cnth=\count274
\Gm@cntv=\count275
\c@Gm@tempcnt=\count276
\Gm@bindingoffset=\dimen151
\Gm@wd@mp=\dimen152
\Gm@odd@mp=\dimen153
\Gm@even@mp=\dimen154
\Gm@layoutwidth=\dimen155
\Gm@layoutheight=\dimen156
\Gm@layouthoffset=\dimen157
\Gm@layoutvoffset=\dimen158
\Gm@dimlist=\toks25
) (/usr/local/texlive/2023/texmf-dist/tex/latex/fancyhdr/fancyhdr.sty
Package: fancyhdr 2022/11/09 v4.1 Extensive control of page headers and footers
\f@nch@headwidth=\skip53
\f@nch@O@elh=\skip54
\f@nch@O@erh=\skip55
\f@nch@O@olh=\skip56
\f@nch@O@orh=\skip57
\f@nch@O@elf=\skip58
\f@nch@O@erf=\skip59
\f@nch@O@olf=\skip60
\f@nch@O@orf=\skip61
) (/usr/local/texlive/2023/texmf-dist/tex/latex/tocbibind/tocbibind.sty
Package: tocbibind 2010/10/13 v1.5k extra ToC listings
Package tocbibind Info: The document has chapter divisions on input line 50.


Package tocbibind Note: Using chapter style headings, unless overridden.

) (/usr/local/texlive/2023/texmf-dist/tex/latex/graphics/graphicx.sty
Package: graphicx 2021/09/16 v1.2d Enhanced LaTeX Graphics (DPC,SPQR)
 (/usr/local/texlive/2023/texmf-dist/tex/latex/graphics/graphics.sty
Package: graphics 2022/03/10 v1.4e Standard LaTeX Graphics (DPC,SPQR)
 (/usr/local/texlive/2023/texmf-dist/tex/latex/graphics/trig.sty
Package: trig 2021/08/11 v1.11 sin cos tan (DPC)
) (/usr/local/texlive/2023/texmf-dist/tex/latex/graphics-cfg/graphics.cfg
File: graphics.cfg 2016/06/04 v1.11 sample graphics configuration
)
Package graphics Info: Driver file: pdftex.def on input line 107.
 (/usr/local/texlive/2023/texmf-dist/tex/latex/graphics-def/pdftex.def
File: pdftex.def 2022/09/22 v1.2b Graphics/color driver for pdftex
))
\Gin@req@height=\dimen159
\Gin@req@width=\dimen160
) (/usr/local/texlive/2023/texmf-dist/tex/latex/subfigure/subfigure.sty
Package: subfigure 2002/03/15 v2.1.5 subfigure package
\subfigtopskip=\skip62
\subfigcapskip=\skip63
\subfigcaptopadj=\dimen161
\subfigbottomskip=\skip64
\subfigcapmargin=\dimen162
\subfiglabelskip=\skip65
\c@subfigure=\count277
\c@lofdepth=\count278
\c@subtable=\count279
\c@lotdepth=\count280

****************************************
* Local config file subfigure.cfg used *
****************************************
(/usr/local/texlive/2023/texmf-dist/tex/latex/subfigure/subfigure.cfg)
\subfig@top=\skip66
\subfig@bottom=\skip67
) (/usr/local/texlive/2023/texmf-dist/tex/latex/base/ifthen.sty
Package: ifthen 2022/04/13 v1.1d Standard LaTeX ifthen package (DPC)
)
\arbeittyp=\toks26
\bearbeiter=\toks27
\betreuer=\toks28
\aufgabensteller=\toks29
\abgabetermin=\toks30
\ort=\toks31
\gerFach=\toks32
\gerTitel=\toks33
\gerAbstracttext=\toks34
\englTitel=\toks35
\englFach=\toks36
\englAbstracttext=\toks37
) (/usr/local/texlive/2023/texmf-dist/tex/latex/url/url.sty
\Urlmuskip=\muskip17
Package: url 2013/09/16  ver 3.4  Verb mode for urls, etc.
) (/usr/local/texlive/2023/texmf-dist/tex/latex/colortbl/colortbl.sty
Package: colortbl 2022/06/20 v1.0f Color table columns (DPC)
 (/usr/local/texlive/2023/texmf-dist/tex/latex/tools/array.sty
Package: array 2022/09/04 v2.5g Tabular extension package (FMi)
\col@sep=\dimen163
\ar@mcellbox=\box53
\extrarowheight=\dimen164
\NC@list=\toks38
\extratabsurround=\skip68
\backup@length=\skip69
\ar@cellbox=\box54
) (/usr/local/texlive/2023/texmf-dist/tex/latex/graphics/color.sty
Package: color 2022/01/06 v1.3d Standard LaTeX Color (DPC)
 (/usr/local/texlive/2023/texmf-dist/tex/latex/graphics-cfg/color.cfg
File: color.cfg 2016/01/02 v1.6 sample color configuration
)
Package color Info: Driver file: pdftex.def on input line 149.
 (/usr/local/texlive/2023/texmf-dist/tex/latex/graphics/mathcolor.ltx))
\everycr=\toks39
\minrowclearance=\skip70
\rownum=\count281
) (/usr/local/texlive/2023/texmf-dist/tex/latex/l3backend/l3backend-pdftex.def
File: l3backend-pdftex.def 2023-04-19 L3 backend support: PDF output (pdfTeX)
\l__color_backend_stack_int=\count282
\l__pdf_internal_box=\box55
) (./dmmdbstmpl.aux)
\openout1 = `dmmdbstmpl.aux'.

LaTeX Font Info:    Checking defaults for OML/cmm/m/it on input line 33.
LaTeX Font Info:    ... okay on input line 33.
LaTeX Font Info:    Checking defaults for OMS/cmsy/m/n on input line 33.
LaTeX Font Info:    ... okay on input line 33.
LaTeX Font Info:    Checking defaults for OT1/cmr/m/n on input line 33.
LaTeX Font Info:    ... okay on input line 33.
LaTeX Font Info:    Checking defaults for T1/cmr/m/n on input line 33.
LaTeX Font Info:    ... okay on input line 33.
LaTeX Font Info:    Checking defaults for TS1/cmr/m/n on input line 33.
LaTeX Font Info:    ... okay on input line 33.
LaTeX Font Info:    Checking defaults for OMX/cmex/m/n on input line 33.
LaTeX Font Info:    ... okay on input line 33.
LaTeX Font Info:    Checking defaults for U/cmr/m/n on input line 33.
LaTeX Font Info:    ... okay on input line 33.

*geometry* detected driver: pdftex
*geometry* verbose mode - [ preamble ] result:
* driver: pdftex
* paper: a4paper
* layout: <same size as paper>
* layoutoffset:(h,v)=(0.0pt,0.0pt)
* modes: 
* h-part:(L,W,R)=(99.58464pt, 398.33858pt, 99.58466pt)
* v-part:(T,H,B)=(99.01556pt, 597.50787pt, 148.5234pt)
* \paperwidth=597.50787pt
* \paperheight=845.04684pt
* \textwidth=398.33858pt
* \textheight=597.50787pt
* \oddsidemargin=27.31465pt
* \evensidemargin=27.31465pt
* \topmargin=-10.25443pt
* \headheight=14.0pt
* \headsep=25.0pt
* \topskip=12.0pt
* \footskip=34.1433pt
* \marginparwidth=35.0pt
* \marginparsep=10.0pt
* \columnsep=10.0pt
* \skip\footins=10.8pt plus 4.0pt minus 2.0pt
* \hoffset=0.0pt
* \voffset=0.0pt
* \mag=1000
* \@twocolumnfalse
* \@twosidefalse
* \@mparswitchfalse
* \@reversemarginfalse
* (1in=72.27pt=25.4mm, 1cm=28.453pt)

(/usr/local/texlive/2023/texmf-dist/tex/context/base/mkii/supp-pdf.mkii
[Loading MPS to PDF converter (version 2006.09.02).]
\scratchcounter=\count283
\scratchdimen=\dimen165
\scratchbox=\box56
\nofMPsegments=\count284
\nofMParguments=\count285
\everyMPshowfont=\toks40
\MPscratchCnt=\count286
\MPscratchDim=\dimen166
\MPnumerator=\count287
\makeMPintoPDFobject=\count288
\everyMPtoPDFconversion=\toks41
) (/usr/local/texlive/2023/texmf-dist/tex/latex/epstopdf-pkg/epstopdf-base.sty
Package: epstopdf-base 2020-01-24 v2.11 Base part for package epstopdf
Package epstopdf-base Info: Redefining graphics rule for `.eps' on input line 485.
 (/usr/local/texlive/2023/texmf-dist/tex/latex/latexconfig/epstopdf-sys.cfg
File: epstopdf-sys.cfg 2010/07/13 v1.3 Configuration of (r)epstopdf for TeX Live
))
<dmmheader.png, id=1, 1555.31062pt x 208.52907pt>
File: dmmheader.png Graphic file (type png)
<use dmmheader.png>
Package pdftex.def Info: dmmheader.png  used on input line 35.
(pdftex.def)             Requested size: 483.69684pt x 64.85016pt.

Overfull \hbox (42.67914pt too wide) in paragraph at lines 35--35
 | [] 
 []

LaTeX Font Info:    Trying to load font information for U+msa on input line 35.
(/usr/local/texlive/2023/texmf-dist/tex/latex/amsfonts/umsa.fd
File: umsa.fd 2013/01/14 v3.01 AMS symbols A
)
LaTeX Font Info:    Trying to load font information for U+msb on input line 35.
 (/usr/local/texlive/2023/texmf-dist/tex/latex/amsfonts/umsb.fd
File: umsb.fd 2013/01/14 v3.01 AMS symbols B
) [1

{/usr/local/texlive/2023/texmf-var/fonts/map/pdftex/updmap/pdftex.map} <./dmmheader.png>] [1] [1] (./dmmdbstmpl.toc)
\tf@toc=\write3
\openout3 = `dmmdbstmpl.toc'.

 (./thesis.tex [1

]
Chapter 1.
[2

]
Chapter 2.
[3

] [4]
Chapter 3.
[5

] [6]
Overfull \hbox (1.31165pt too wide) in paragraph at lines 65--66
\OT1/cmr/m/n/12 clidean dis-tance. This splits our in-stances into $\OML/cmm/m/it/12 S$ \OT1/cmr/m/n/12 into $\OML/cmm/m/it/12 k$ \OT1/cmr/m/n/12 sets $\OMS/cmsy/m/n/12 f\OML/cmm/m/it/12 S[]; :::; S[]\OMS/cmsy/m/n/12 g$\OT1/cmr/m/n/12 . 
 []

[7] [8] [9]
<gower-dichotomous.png, id=58, 475.7775pt x 204.01219pt>
File: gower-dichotomous.png Graphic file (type png)
<use gower-dichotomous.png>
Package pdftex.def Info: gower-dichotomous.png  used on input line 131.
(pdftex.def)             Requested size: 398.33858pt x 170.81496pt.
 [10] [11 <./gower-dichotomous.png>]
<activation-functions.png, id=67, 433.62pt x 338.2236pt>
File: activation-functions.png Graphic file (type png)
<use activation-functions.png>
Package pdftex.def Info: activation-functions.png  used on input line 159.
(pdftex.def)             Requested size: 318.67207pt x 248.57846pt.
 [12] [13 <./activation-functions.png>]
<autoencoder.png, id=75, 955.57pt x 507.8975pt>
File: autoencoder.png Graphic file (type png)
<use autoencoder.png>
Package pdftex.def Info: autoencoder.png  used on input line 201.
(pdftex.def)             Requested size: 438.17487pt x 232.8917pt.

Overfull \hbox (39.83629pt too wide) in paragraph at lines 201--202
 [][] 
 []

[14]
<dec.png, id=79, 1122.1925pt x 623.32875pt>
File: dec.png Graphic file (type png)
<use dec.png>
Package pdftex.def Info: dec.png  used on input line 214.
(pdftex.def)             Requested size: 398.33858pt x 221.25948pt.
<p-and-q-distributions.png, id=80, 881.2925pt x 382.42876pt>
File: p-and-q-distributions.png Graphic file (type png)
<use p-and-q-distributions.png>
Package pdftex.def Info: p-and-q-distributions.png  used on input line 221.
(pdftex.def)             Requested size: 278.83578pt x 120.9967pt.
 [15 <./autoencoder.png>] [16 <./dec.png> <./p-and-q-distributions.png>]
<idec.png, id=90, 1466.47874pt x 837.1275pt>
File: idec.png Graphic file (type png)
<use idec.png>
Package pdftex.def Info: idec.png  used on input line 236.
(pdftex.def)             Requested size: 278.83578pt x 159.17084pt.
<dcn.png, id=91, 1421.31pt x 567.11874pt>
File: dcn.png Graphic file (type png)
<use dcn.png>
Package pdftex.def Info: dcn.png  used on input line 247.
(pdftex.def)             Requested size: 358.50227pt x 143.04274pt.
 [17] [18 <./idec.png> <./dcn.png>] [19]
Chapter 4.
[20

]
<attention_autoencoder.png, id=107, 1277.77374pt x 1423.3175pt>
File: attention_autoencoder.png Graphic file (type png)
<use attention_autoencoder.png>
Package pdftex.def Info: attention_autoencoder.png  used on input line 276.
(pdftex.def)             Requested size: 478.00507pt x 532.43968pt.

Overfull \hbox (79.66649pt too wide) in paragraph at lines 276--277
 [][] 
 []

[21]
<attention_illustrated.png, id=111, 677.53125pt x 479.7925pt>
File: attention_illustrated.png Graphic file (type png)
<use attention_illustrated.png>
Package pdftex.def Info: attention_illustrated.png  used on input line 287.
(pdftex.def)             Requested size: 438.17487pt x 310.30203pt.

Overfull \hbox (39.83629pt too wide) in paragraph at lines 287--288
 [][] 
 []

[22] [23 <./attention_autoencoder.png>] [24 <./attention_illustrated.png>]
<transformer_autoencoder.png, id=124, 1277.77374pt x 1423.3175pt>
File: transformer_autoencoder.png Graphic file (type png)
<use transformer_autoencoder.png>
Package pdftex.def Info: transformer_autoencoder.png  used on input line 312.
(pdftex.def)             Requested size: 478.00507pt x 532.43968pt.

Overfull \hbox (79.66649pt too wide) in paragraph at lines 312--313
 [][] 
 []

[25] [26] [27 <./transformer_autoencoder.png>]
<ft_transformer_autoencoder.png, id=135, 1405.25pt x 1462.46375pt>
File: ft_transformer_autoencoder.png Graphic file (type png)
<use ft_transformer_autoencoder.png>
Package pdftex.def Info: ft_transformer_autoencoder.png  used on input line 331.
(pdftex.def)             Requested size: 478.00507pt x 497.45425pt.

Overfull \hbox (79.66649pt too wide) in paragraph at lines 331--332
 [][] 
 []

[28] [29 <./ft_transformer_autoencoder.png>]
Chapter 5.

Underfull \hbox (badness 10000) in paragraph at lines 355--355
[]|\OT1/cmr/m/n/12 k-means one-
 []


Underfull \hbox (badness 10000) in paragraph at lines 355--355
[]|\OT1/cmr/m/n/12 Gower dis-
 []


Underfull \hbox (badness 10000) in paragraph at lines 376--376
[]|\OT1/cmr/m/n/12 k-means one-
 []


Underfull \hbox (badness 10000) in paragraph at lines 376--376
[]|\OT1/cmr/m/n/12 Gower dis-
 []

<class-imbalance.png, id=144, 463.2507pt x 338.2236pt>
File: class-imbalance.png Graphic file (type png)
<use class-imbalance.png>
Package pdftex.def Info: class-imbalance.png  used on input line 384.
(pdftex.def)             Requested size: 318.67207pt x 232.67781pt.
[30

] [31 <./class-imbalance.png>]
Underfull \hbox (badness 10000) in paragraph at lines 406--406
[]|\OT1/cmr/m/n/12 All fea-tures
 []


Underfull \hbox (badness 10000) in paragraph at lines 406--406
[]|\OT1/cmr/m/n/12 Categorical
 []


Underfull \hbox (badness 10000) in paragraph at lines 427--427
[]|\OT1/cmr/m/n/12 All fea-tures
 []


Underfull \hbox (badness 10000) in paragraph at lines 427--427
[]|\OT1/cmr/m/n/12 Categorical
 []

[32]
Underfull \hbox (badness 3148) in paragraph at lines 458--458
[]|\OT1/cmr/m/n/12 AE with At-
 []


Underfull \hbox (badness 10000) in paragraph at lines 458--458
[]|\OT1/cmr/m/n/12 Transformer
 []


Underfull \hbox (badness 10000) in paragraph at lines 458--458
[]|\OT1/cmr/m/n/12 FT-
 []


Underfull \hbox (badness 10000) in paragraph at lines 458--458
\OT1/cmr/m/n/12 Transformer
 []


Underfull \hbox (badness 3148) in paragraph at lines 479--479
[]|\OT1/cmr/m/n/12 AE with At-
 []


Underfull \hbox (badness 10000) in paragraph at lines 479--479
[]|\OT1/cmr/m/n/12 Transformer
 []


Underfull \hbox (badness 10000) in paragraph at lines 479--479
[]|\OT1/cmr/m/n/12 FT-
 []


Underfull \hbox (badness 10000) in paragraph at lines 479--479
\OT1/cmr/m/n/12 Transformer
 []

[33]
Underfull \hbox (badness 3281) in paragraph at lines 525--525
\OT1/cmr/m/n/12 e-gor-i-cal em-
 []


Underfull \hbox (badness 10000) in paragraph at lines 525--525
[]|\OT1/cmr/m/n/12 Transformer
 []


Underfull \hbox (badness 10000) in paragraph at lines 525--525
[]|\OT1/cmr/m/n/12 FT-
 []


Underfull \hbox (badness 10000) in paragraph at lines 525--525
\OT1/cmr/m/n/12 Transformer
 []


Overfull \hbox (1.24002pt too wide) in paragraph at lines 525--525
[]|\OT1/cmr/m/n/12 IDEC| 
 []


Overfull \hbox (1.24002pt too wide) in paragraph at lines 525--525
[]|\OT1/cmr/m/n/12 IDEC| 
 []


Overfull \hbox (1.24002pt too wide) in paragraph at lines 525--525
[]|\OT1/cmr/m/n/12 IDEC| 
 []


Overfull \hbox (1.24002pt too wide) in paragraph at lines 525--525
[]|\OT1/cmr/m/n/12 IDEC| 
 []


Overfull \hbox (1.24002pt too wide) in paragraph at lines 525--525
[]|\OT1/cmr/m/n/12 IDEC| 
 []


Overfull \hbox (1.24002pt too wide) in paragraph at lines 525--525
[]|\OT1/cmr/m/n/12 IDEC| 
 []


Overfull \hbox (1.24002pt too wide) in paragraph at lines 525--525
[]|\OT1/cmr/m/n/12 IDEC| 
 []


Overfull \hbox (1.24002pt too wide) in paragraph at lines 525--525
[]|\OT1/cmr/m/n/12 IDEC| 
 []


Underfull \hbox (badness 3281) in paragraph at lines 569--569
\OT1/cmr/m/n/12 e-gor-i-cal em-
 []


Underfull \hbox (badness 10000) in paragraph at lines 569--569
[]|\OT1/cmr/m/n/12 Transformer
 []


Underfull \hbox (badness 10000) in paragraph at lines 569--569
[]|\OT1/cmr/m/n/12 FT-
 []


Underfull \hbox (badness 10000) in paragraph at lines 569--569
\OT1/cmr/m/n/12 Transformer
 []


Overfull \hbox (1.24002pt too wide) in paragraph at lines 569--569
[]|\OT1/cmr/m/n/12 IDEC| 
 []


Overfull \hbox (1.24002pt too wide) in paragraph at lines 569--569
[]|\OT1/cmr/m/n/12 IDEC| 
 []


Overfull \hbox (1.24002pt too wide) in paragraph at lines 569--569
[]|\OT1/cmr/m/n/12 IDEC| 
 []


Overfull \hbox (1.24002pt too wide) in paragraph at lines 569--569
[]|\OT1/cmr/m/n/12 IDEC| 
 []


Overfull \hbox (1.24002pt too wide) in paragraph at lines 569--569
[]|\OT1/cmr/m/n/12 IDEC| 
 []


Overfull \hbox (1.24002pt too wide) in paragraph at lines 569--569
[]|\OT1/cmr/m/n/12 IDEC| 
 []


Overfull \hbox (1.24002pt too wide) in paragraph at lines 569--569
[]|\OT1/cmr/m/n/12 IDEC| 
 []


Overfull \hbox (1.24002pt too wide) in paragraph at lines 569--569
[]|\OT1/cmr/m/n/12 IDEC| 
 []


Underfull \hbox (badness 10000) in paragraph at lines 592--592
[]|\OT1/cmr/m/n/12 FT-Transformer
 []


Underfull \hbox (badness 10000) in paragraph at lines 592--592
[]|\OT1/cmr/m/n/12 k-means one-hot
 []


Underfull \hbox (badness 10000) in paragraph at lines 592--592
[]|\OT1/cmr/m/n/12 AE with Col-
 []


Underfull \hbox (badness 10000) in paragraph at lines 592--592
\OT1/cmr/m/n/12 umn Em-bed-dings
 []


Underfull \hbox (badness 10000) in paragraph at lines 592--592
[]|\OT1/cmr/m/n/12 DCN Trans-former
 []


Underfull \hbox (badness 10000) in paragraph at lines 592--592
[]|\OT1/cmr/m/n/12 DEC Trans-
 []


Underfull \hbox (badness 10000) in paragraph at lines 592--592
[]|\OT1/cmr/m/n/12 k-means one-hot
 []


Underfull \hbox (badness 10000) in paragraph at lines 592--592
[]|\OT1/cmr/m/n/12 k-means one-hot
 []


Underfull \hbox (badness 10000) in paragraph at lines 592--592
[]|\OT1/cmr/m/n/12 k-means one-hot
 []


Underfull \hbox (badness 10000) in paragraph at lines 592--592
[]|\OT1/cmr/m/n/12 AE with Col-
 []


Underfull \hbox (badness 10000) in paragraph at lines 592--592
\OT1/cmr/m/n/12 umn Em-bed-dings
 []


Underfull \hbox (badness 10000) in paragraph at lines 592--592
[]|\OT1/cmr/m/n/12 FT-Transformer
 []


Underfull \hbox (badness 10000) in paragraph at lines 592--592
[]|\OT1/cmr/m/n/12 Transformer
 []


Underfull \hbox (badness 10000) in paragraph at lines 592--592
[]|\OT1/cmr/m/n/12 DCN FT-
 []


Underfull \hbox (badness 10000) in paragraph at lines 592--592
\OT1/cmr/m/n/12 Transformer
 []


Underfull \hbox (badness 10000) in paragraph at lines 592--592
[]|\OT1/cmr/m/n/12 DEC/IDEC
 []


Underfull \hbox (badness 10000) in paragraph at lines 592--592
\OT1/cmr/m/n/12 FT-Transformer
 []


Underfull \hbox (badness 10000) in paragraph at lines 592--592
[]|\OT1/cmr/m/n/12 k-means one-hot
 []


Underfull \hbox (badness 10000) in paragraph at lines 592--592
[]|\OT1/cmr/m/n/12 Gower dis-tance
 []

[34] [35] [36] [37]
Chapter 6.
) (./dmmdbstmpl.bbl [38

] [39

] [40]
Underfull \hbox (badness 10000) in paragraph at lines 118--122
[]\OT1/cmr/m/n/12 Bai Li.  Clus-ter-ing au-toen-coders: Com-par-ing dec and
 []


Underfull \hbox (badness 10000) in paragraph at lines 118--122
\OT1/cmr/m/n/12 dcn.  $\OT1/cmtt/m/n/12 https : / / luckytoilet . wordpress . com / 2019 / 07 / 07 /
 []


Underfull \hbox (badness 10000) in paragraph at lines 118--122
\OT1/cmtt/m/n/12 clustering-[]autoencoders-[]comparing-[]dec-[]and-[]dcn/$\OT1/cmr/m/n/12 , July 2019.
 []

[41] [42]) [43] (./dmmdbstmpl.aux)
 ***********
LaTeX2e <2023-06-01> patch level 1
L3 programming layer <2023-08-11>
 ***********
 ) 
Here is how much of TeX's memory you used:
 5416 strings out of 475189
 85540 string characters out of 5763838
 1976254 words of memory out of 5000000
 26618 multiletter control sequences out of 15000+600000
 566007 words of font info for 65 fonts, out of 8000000 for 9000
 1141 hyphenation exceptions out of 8191
 72i,13n,79p,1602b,416s stack positions out of 10000i,1000n,20000p,200000b,200000s
</usr/local/texlive/2023/texmf-dist/fonts/type1/public/amsfonts/cm/cmbx12.pfb></usr/local/texlive/2023/texmf-dist/fonts/type1/public/amsfonts/cm/cmex10.pfb></usr/local/texlive/2023/texmf-dist/fonts/type1/public/amsfonts/cm/cmmi12.pfb></usr/local/texlive/2023/texmf-dist/fonts/type1/public/amsfonts/cm/cmmi6.pfb></usr/local/texlive/2023/texmf-dist/fonts/type1/public/amsfonts/cm/cmmi8.pfb></usr/local/texlive/2023/texmf-dist/fonts/type1/public/amsfonts/cm/cmr12.pfb></usr/local/texlive/2023/texmf-dist/fonts/type1/public/amsfonts/cm/cmr17.pfb></usr/local/texlive/2023/texmf-dist/fonts/type1/public/amsfonts/cm/cmr6.pfb></usr/local/texlive/2023/texmf-dist/fonts/type1/public/amsfonts/cm/cmr8.pfb></usr/local/texlive/2023/texmf-dist/fonts/type1/public/amsfonts/cm/cmsl10.pfb></usr/local/texlive/2023/texmf-dist/fonts/type1/public/amsfonts/cm/cmsy10.pfb></usr/local/texlive/2023/texmf-dist/fonts/type1/public/amsfonts/cm/cmsy6.pfb></usr/local/texlive/2023/texmf-dist/fonts/type1/public/amsfonts/cm/cmsy8.pfb></usr/local/texlive/2023/texmf-dist/fonts/type1/public/amsfonts/cm/cmti12.pfb></usr/local/texlive/2023/texmf-dist/fonts/type1/public/amsfonts/cm/cmtt12.pfb></usr/local/texlive/2023/texmf-dist/fonts/type1/public/amsfonts/symbols/msam10.pfb></usr/local/texlive/2023/texmf-dist/fonts/type1/public/amsfonts/symbols/msbm10.pfb>
Output written on dmmdbstmpl.pdf (46 pages, 944079 bytes).
PDF statistics:
 265 PDF objects out of 1000 (max. 8388607)
 156 compressed objects within 2 object streams
 0 named destinations out of 1000 (max. 500000)
 66 words of extra memory for PDF output out of 10000 (max. 10000000)

